# JRE version: OpenJDK Runtime Environment (8.0) (build 1.8.0-25-microsoft-b00)
# Java VM: OpenJDK 64-Bit Server VM (25.71-b00 mixed mode windows-amd64 compressed oops)
Heap:
 PSYoungGen      total 181248K, used 99138K [0x00000000eab00000, 0x00000000f7480000, 0x0000000100000000)
  eden space 157696K, 55% used [0x00000000eab00000,0x00000000efff8860,0x00000000f4500000)
  from space 23552K, 51% used [0x00000000f4500000,0x00000000f50d8020,0x00000000f5c00000)
  to   space 24064K, 0% used [0x00000000f5c00000,0x00000000f5c00000,0x00000000f7380000)
 ParOldGen       total 107520K, used 53898K [0x00000000c0000000, 0x00000000c6900000, 0x00000000eab00000)
  object space 107520K, 50% used [0x00000000c0000000,0x00000000c34a29b0,0x00000000c6900000)
 Metaspace       used 17057K, capacity 18012K, committed 18560K, reserved 1064960K
  class space    used 1982K, capacity 2228K, committed 2432K, reserved 1048576K
GC Heap History (10 events):
Event: 7.324 GC heap before
{Heap before GC invocations=20 (full 1):
 PSYoungGen      total 181760K, used 170464K [0x00000000eab00000, 0x00000000f7480000, 0x0000000100000000)
  eden space 157696K, 100% used [0x00000000eab00000,0x00000000f4500000,0x00000000f4500000)
  from space 24064K, 53% used [0x00000000f5c00000,0x00000000f6878000,0x00000000f7380000)
  to   space 23552K, 0% used [0x00000000f4500000,0x00000000f4500000,0x00000000f5c00000)
 ParOldGen       total 107520K, used 42963K [0x00000000c0000000, 0x00000000c6900000, 0x00000000eab00000)
  object space 107520K, 39% used [0x00000000c0000000,0x00000000c29f4ca0,0x00000000c6900000)
 Metaspace       used 15868K, capacity 16662K, committed 17408K, reserved 1064960K
  class space    used 1845K, capacity 2061K, committed 2304K, reserved 1048576K
Event: 7.339 GC heap after
Heap after GC invocations=20 (full 1):
 PSYoungGen      total 181248K, used 13538K [0x00000000eab00000, 0x00000000f7480000, 0x0000000100000000)
  eden space 157696K, 0% used [0x00000000eab00000,0x00000000eab00000,0x00000000f4500000)
  from space 23552K, 57% used [0x00000000f4500000,0x00000000f5238a58,0x00000000f5c00000)
  to   space 24064K, 0% used [0x00000000f5c00000,0x00000000f5c00000,0x00000000f7380000)
 ParOldGen       total 107520K, used 44571K [0x00000000c0000000, 0x00000000c6900000, 0x00000000eab00000)
  object space 107520K, 41% used [0x00000000c0000000,0x00000000c2b86ca0,0x00000000c6900000)
 Metaspace       used 15868K, capacity 16662K, committed 17408K, reserved 1064960K
  class space    used 1845K, capacity 2061K, committed 2304K, reserved 1048576K
}
Event: 7.655 GC heap before
{Heap before GC invocations=21 (full 1):
 PSYoungGen      total 181248K, used 171234K [0x00000000eab00000, 0x00000000f7480000, 0x0000000100000000)
  eden space 157696K, 100% used [0x00000000eab00000,0x00000000f4500000,0x00000000f4500000)
  from space 23552K, 57% used [0x00000000f4500000,0x00000000f5238a58,0x00000000f5c00000)
  to   space 24064K, 0% used [0x00000000f5c00000,0x00000000f5c00000,0x00000000f7380000)
 ParOldGen       total 107520K, used 44571K [0x00000000c0000000, 0x00000000c6900000, 0x00000000eab00000)
  object space 107520K, 41% used [0x00000000c0000000,0x00000000c2b86ca0,0x00000000c6900000)
 Metaspace       used 15877K, capacity 16662K, committed 17408K, reserved 1064960K
  class space    used 1845K, capacity 2061K, committed 2304K, reserved 1048576K
Event: 7.673 GC heap after
Heap after GC invocations=21 (full 1):
 PSYoungGen      total 181760K, used 13792K [0x00000000eab00000, 0x00000000f7480000, 0x0000000100000000)
  eden space 157696K, 0% used [0x00000000eab00000,0x00000000eab00000,0x00000000f4500000)
  from space 24064K, 57% used [0x00000000f5c00000,0x00000000f6978000,0x00000000f7380000)
  to   space 23552K, 0% used [0x00000000f4500000,0x00000000f4500000,0x00000000f5c00000)
 ParOldGen       total 107520K, used 46259K [0x00000000c0000000, 0x00000000c6900000, 0x00000000eab00000)
  object space 107520K, 43% used [0x00000000c0000000,0x00000000c2d2cca0,0x00000000c6900000)
 Metaspace       used 15877K, capacity 16662K, committed 17408K, reserved 1064960K
  class space    used 1845K, capacity 2061K, committed 2304K, reserved 1048576K
}
Event: 7.968 GC heap before
{Heap before GC invocations=22 (full 1):
 PSYoungGen      total 181760K, used 171488K [0x00000000eab00000, 0x00000000f7480000, 0x0000000100000000)
  eden space 157696K, 100% used [0x00000000eab00000,0x00000000f4500000,0x00000000f4500000)
  from space 24064K, 57% used [0x00000000f5c00000,0x00000000f6978000,0x00000000f7380000)
  to   space 23552K, 0% used [0x00000000f4500000,0x00000000f4500000,0x00000000f5c00000)
 ParOldGen       total 107520K, used 46259K [0x00000000c0000000, 0x00000000c6900000, 0x00000000eab00000)
  object space 107520K, 43% used [0x00000000c0000000,0x00000000c2d2cca0,0x00000000c6900000)
 Metaspace       used 15884K, capacity 16666K, committed 17408K, reserved 1064960K
  class space    used 1845K, capacity 2061K, committed 2304K, reserved 1048576K
Event: 7.982 GC heap after
Heap after GC invocations=22 (full 1):
 PSYoungGen      total 181248K, used 13760K [0x00000000eab00000, 0x00000000f7480000, 0x0000000100000000)
  eden space 157696K, 0% used [0x00000000eab00000,0x00000000eab00000,0x00000000f4500000)
  from space 23552K, 58% used [0x00000000f4500000,0x00000000f5270010,0x00000000f5c00000)
  to   space 24064K, 0% used [0x00000000f5c00000,0x00000000f5c00000,0x00000000f7380000)
 ParOldGen       total 107520K, used 47859K [0x00000000c0000000, 0x00000000c6900000, 0x00000000eab00000)
  object space 107520K, 44% used [0x00000000c0000000,0x00000000c2ebcca0,0x00000000c6900000)
 Metaspace       used 15884K, capacity 16666K, committed 17408K, reserved 1064960K
  class space    used 1845K, capacity 2061K, committed 2304K, reserved 1048576K
}
Event: 8.260 GC heap before
{Heap before GC invocations=23 (full 1):
 PSYoungGen      total 181248K, used 171456K [0x00000000eab00000, 0x00000000f7480000, 0x0000000100000000)
  eden space 157696K, 100% used [0x00000000eab00000,0x00000000f4500000,0x00000000f4500000)
  from space 23552K, 58% used [0x00000000f4500000,0x00000000f5270010,0x00000000f5c00000)
  to   space 24064K, 0% used [0x00000000f5c00000,0x00000000f5c00000,0x00000000f7380000)
 ParOldGen       total 107520K, used 47859K [0x00000000c0000000, 0x00000000c6900000, 0x00000000eab00000)
  object space 107520K, 44% used [0x00000000c0000000,0x00000000c2ebcca0,0x00000000c6900000)
 Metaspace       used 15898K, capacity 16666K, committed 17408K, reserved 1064960K
  class space    used 1845K, capacity 2061K, committed 2304K, reserved 1048576K
Event: 8.276 GC heap after
Heap after GC invocations=23 (full 1):
 PSYoungGen      total 181760K, used 13744K [0x00000000eab00000, 0x00000000f7480000, 0x0000000100000000)
  eden space 157696K, 0% used [0x00000000eab00000,0x00000000eab00000,0x00000000f4500000)
  from space 24064K, 57% used [0x00000000f5c00000,0x00000000f696c030,0x00000000f7380000)
  to   space 23552K, 0% used [0x00000000f4500000,0x00000000f4500000,0x00000000f5c00000)
 ParOldGen       total 107520K, used 50026K [0x00000000c0000000, 0x00000000c6900000, 0x00000000eab00000)
  object space 107520K, 46% used [0x00000000c0000000,0x00000000c30da9b0,0x00000000c6900000)
 Metaspace       used 15898K, capacity 16666K, committed 17408K, reserved 1064960K
  class space    used 1845K, capacity 2061K, committed 2304K, reserved 1048576K
}
Event: 8.561 GC heap before
{Heap before GC invocations=24 (full 1):
 PSYoungGen      total 181760K, used 171440K [0x00000000eab00000, 0x00000000f7480000, 0x0000000100000000)
  eden space 157696K, 100% used [0x00000000eab00000,0x00000000f4500000,0x00000000f4500000)
  from space 24064K, 57% used [0x00000000f5c00000,0x00000000f696c030,0x00000000f7380000)
  to   space 23552K, 0% used [0x00000000f4500000,0x00000000f4500000,0x00000000f5c00000)
 ParOldGen       total 107520K, used 50026K [0x00000000c0000000, 0x00000000c6900000, 0x00000000eab00000)
  object space 107520K, 46% used [0x00000000c0000000,0x00000000c30da9b0,0x00000000c6900000)
 Metaspace       used 15904K, capacity 16666K, committed 17408K, reserved 1064960K
  class space    used 1845K, capacity 2061K, committed 2304K, reserved 1048576K
Event: 8.575 GC heap after
Heap after GC invocations=24 (full 1):
 PSYoungGen      total 181248K, used 12128K [0x00000000eab00000, 0x00000000f7480000, 0x0000000100000000)
  eden space 157696K, 0% used [0x00000000eab00000,0x00000000eab00000,0x00000000f4500000)
  from space 23552K, 51% used [0x00000000f4500000,0x00000000f50d8020,0x00000000f5c00000)
  to   space 24064K, 0% used [0x00000000f5c00000,0x00000000f5c00000,0x00000000f7380000)
 ParOldGen       total 107520K, used 53898K [0x00000000c0000000, 0x00000000c6900000, 0x00000000eab00000)
  object space 107520K, 50% used [0x00000000c0000000,0x00000000c34a29b0,0x00000000c6900000)
 Metaspace       used 15904K, capacity 16666K, committed 17408K, reserved 1064960K
  class space    used 1845K, capacity 2061K, committed 2304K, reserved 1048576K
}

